<?xml version="1.0" encoding="UTF-8"?>
<!-- Generated by org.testng.reporters.JUnitReportReporter -->
<testsuite skipped="0" hostname="DESKTOP-QAKD1VJ" name="com.training.sanity.tests.Update_Password" tests="2" failures="0" timestamp="29 Aug 2019 14:01:02 GMT" time="18.267" errors="0">
  <testcase name="updatePassword" time="12.454" classname="com.training.sanity.tests.Update_Password"/>
  <testcase name="validLoginTest" time="5.813" classname="com.training.sanity.tests.Update_Password"/>
</testsuite> <!-- com.training.sanity.tests.Update_Password -->
