<?xml version="1.0" encoding="UTF-8"?>
<!-- Generated by org.testng.reporters.JUnitReportReporter -->
<testsuite skipped="0" hostname="DESKTOP-QAKD1VJ" name="com.training.sanity.tests.RETC_036_VillasTab" tests="1" failures="0" timestamp="16 Sep 2019 15:17:15 GMT" time="39.264" errors="0">
  <testcase name="VillasTab" time="39.264" classname="com.training.sanity.tests.RETC_036_VillasTab"/>
</testsuite> <!-- com.training.sanity.tests.RETC_036_VillasTab -->
