<?xml version="1.0" encoding="UTF-8"?>
<!-- Generated by org.testng.reporters.JUnitReportReporter -->
<testsuite skipped="0" hostname="DESKTOP-QAKD1VJ" name="com.training.sanity.tests.RETC_034_CommercialTab" tests="1" failures="0" timestamp="17 Sep 2019 10:45:57 GMT" time="33.147" errors="0">
  <testcase name="CommercialTab" time="33.147" classname="com.training.sanity.tests.RETC_034_CommercialTab"/>
</testsuite> <!-- com.training.sanity.tests.RETC_034_CommercialTab -->
