<?xml version="1.0" encoding="UTF-8"?>
<!-- Generated by org.testng.reporters.JUnitReportReporter -->
<testsuite skipped="0" hostname="DESKTOP-QAKD1VJ" name="com.training.sanity.tests.Logout" tests="2" failures="0" timestamp="29 Aug 2019 15:34:46 GMT" time="13.109" errors="0">
  <testcase name="updateProfile" time="6.378" classname="com.training.sanity.tests.Logout"/>
  <testcase name="validLoginTest" time="6.731" classname="com.training.sanity.tests.Logout"/>
</testsuite> <!-- com.training.sanity.tests.Logout -->
