<?xml version="1.0" encoding="UTF-8"?>
<!-- Generated by org.testng.reporters.JUnitReportReporter -->
<testsuite skipped="0" hostname="DESKTOP-QAKD1VJ" name="com.training.sanity.tests.LoginTests" tests="1" failures="0" timestamp="28 Aug 2019 12:10:56 GMT" time="36.474" errors="0">
  <testcase name="validLoginTest" time="36.474" classname="com.training.sanity.tests.LoginTests"/>
</testsuite> <!-- com.training.sanity.tests.LoginTests -->
